<?xml version="1.0" encoding="UTF-8"?>
<testsuites name="Mocha Tests" time="12.0120" tests="8" failures="0">
  <testsuite name="Root Suite" timestamp="2021-04-14T10:34:30" tests="0" file="cypress/integration/examples/connectors.spec.js" time="0.0000" failures="0">
  </testsuite>
  <testsuite name="Connectors" timestamp="2021-04-14T10:34:30" tests="4" time="6.6680" failures="0">
    <testcase name="Connectors .each() - iterate over an array of elements" time="2.3650" classname=".each() - iterate over an array of elements">
    </testcase>
    <testcase name="Connectors .its() - get properties on the current subject" time="1.1760" classname=".its() - get properties on the current subject">
    </testcase>
    <testcase name="Connectors .invoke() - invoke a function on the current subject" time="2.2810" classname=".invoke() - invoke a function on the current subject">
    </testcase>
    <testcase name="Connectors .spread() - spread an array as individual args to callback function" time="0.8460" classname=".spread() - spread an array as individual args to callback function">
    </testcase>
  </testsuite>
  <testsuite name=".then()" timestamp="2021-04-14T10:34:40" tests="4" time="5.3440" failures="0">
    <testcase name="Connectors .then() invokes a callback function with the current subject" time="0.9560" classname="invokes a callback function with the current subject">
    </testcase>
    <testcase name="Connectors .then() yields the returned value to the next command" time="1.3860" classname="yields the returned value to the next command">
    </testcase>
    <testcase name="Connectors .then() yields the original subject without return" time="1.5680" classname="yields the original subject without return">
    </testcase>
    <testcase name="Connectors .then() yields the value yielded by the last Cypress command inside" time="1.4340" classname="yields the value yielded by the last Cypress command inside">
    </testcase>
  </testsuite>
</testsuites>