<?xml version="1.0" encoding="UTF-8"?>
<testsuites name="Mocha Tests" time="8.2820" tests="6" failures="0">
  <testsuite name="Root Suite" timestamp="2021-04-14T10:16:39" tests="0" file="cypress/integration/examples/network_requests.spec.js" time="0.0000" failures="0">
  </testsuite>
  <testsuite name="Network Requests" timestamp="2021-04-14T10:16:39" tests="6" time="8.2820" failures="0">
    <testcase name="Network Requests cy.request() - make an XHR request" time="1.3990" classname="cy.request() - make an XHR request">
    </testcase>
    <testcase name="Network Requests cy.request() - verify response using BDD syntax" time="1.2400" classname="cy.request() - verify response using BDD syntax">
    </testcase>
    <testcase name="Network Requests cy.request() with query parameters" time="0.7380" classname="cy.request() with query parameters">
    </testcase>
    <testcase name="Network Requests cy.request() - pass result to the second request" time="1.1970" classname="cy.request() - pass result to the second request">
    </testcase>
    <testcase name="Network Requests cy.request() - save response in the shared test context" time="1.5900" classname="cy.request() - save response in the shared test context">
    </testcase>
    <testcase name="Network Requests cy.intercept() - route responses to matching requests" time="2.1180" classname="cy.intercept() - route responses to matching requests">
    </testcase>
  </testsuite>
</testsuites>