<?xml version="1.0" encoding="UTF-8"?>
<testsuites name="Mocha Tests" time="3.4060" tests="5" failures="2">
  <testsuite name="Root Suite" timestamp="2021-04-14T10:37:27" tests="0" file="cypress/integration/examples/utilities.spec.js" time="0.0000" failures="0">
  </testsuite>
  <testsuite name="Utilities" timestamp="2021-04-14T10:37:27" tests="5" time="3.4060" failures="2">
    <testcase name="Utilities Cypress._ - call a lodash method" time="1.3580" classname="Cypress._ - call a lodash method">
    </testcase>
    <testcase name="Utilities Cypress.$ - call a jQuery method" time="0.0000" classname="Cypress.$ - call a jQuery method">
      <failure message="Timed out retrying after 4050ms: expected &apos;&lt;li.list-group-item&gt;&apos; to have class &apos;active&apos;" type="AssertionError"><![CDATA[AssertionError: Timed out retrying after 4050ms: expected '<li.list-group-item>' to have class 'active'
    at Context.eval (https://example.cypress.io/__cypress/tests?p=cypress/integration/examples/utilities.spec.js:115:61)]]></failure>
    </testcase>
    <testcase name="Utilities Cypress.Blob - blob utilities and base64 string conversion" time="0.0000" classname="Cypress.Blob - blob utilities and base64 string conversion">
      <failure message="remoteJQuery is not a function" type="TypeError"><![CDATA[TypeError: remoteJQuery is not a function
    at $Cy.getRemotejQueryInstance (https://example.cypress.io/__cypress/runner/cypress_runner.js:142177:31)
    at Context.thenFn (https://example.cypress.io/__cypress/runner/cypress_runner.js:135423:30)
    at Context.then (https://example.cypress.io/__cypress/runner/cypress_runner.js:135941:21)
    at Context.<anonymous> (https://example.cypress.io/__cypress/runner/cypress_runner.js:150696:21)
    at https://example.cypress.io/__cypress/runner/cypress_runner.js:150104:15
    at tryCatcher (https://example.cypress.io/__cypress/runner/cypress_runner.js:10747:23)
    at Promise._settlePromiseFromHandler (https://example.cypress.io/__cypress/runner/cypress_runner.js:8682:31)
    at Promise._settlePromise (https://example.cypress.io/__cypress/runner/cypress_runner.js:8739:18)
    at Promise._settlePromiseCtx (https://example.cypress.io/__cypress/runner/cypress_runner.js:8776:10)
    at _drainQueueStep (https://example.cypress.io/__cypress/runner/cypress_runner.js:5458:12)
    at _drainQueue (https://example.cypress.io/__cypress/runner/cypress_runner.js:5447:9)
    at Async.../../node_modules/bluebird/js/release/async.js.Async._drainQueues (https://example.cypress.io/__cypress/runner/cypress_runner.js:5463:5)
    at Async.drainQueues (https://example.cypress.io/__cypress/runner/cypress_runner.js:5333:14)]]></failure>
    </testcase>
    <testcase name="Utilities Cypress.minimatch - test out glob patterns against strings" time="0.4360" classname="Cypress.minimatch - test out glob patterns against strings">
    </testcase>
    <testcase name="Utilities Cypress.Promise - instantiate a bluebird promise" time="1.6120" classname="Cypress.Promise - instantiate a bluebird promise">
    </testcase>
  </testsuite>
</testsuites>