<?xml version="1.0" encoding="UTF-8"?>
<testsuites name="Mocha Tests" time="1.1700" tests="5" failures="1">
  <testsuite name="Root Suite" timestamp="2021-04-14T07:52:52" tests="0" file="cypress/integration/examples/cookies.spec.js" time="0.0000" failures="0">
  </testsuite>
  <testsuite name="Cookies" timestamp="2021-04-14T07:52:52" tests="5" time="1.1700" failures="1">
    <testcase name="Cookies cy.getCookie() - get a browser cookie" time="0.0000" classname="cy.getCookie() - get a browser cookie">
      <failure message="Target cannot be null or undefined." type="AssertionError"><![CDATA[AssertionError: Target cannot be null or undefined.
    at Context.eval (https://example.cypress.io/__cypress/tests?p=cypress/integration/examples/cookies.spec.js:112:27)]]></failure>
    </testcase>
    <testcase name="Cookies cy.getCookies() - get browser cookies" time="0.3200" classname="cy.getCookies() - get browser cookies">
    </testcase>
    <testcase name="Cookies cy.setCookie() - set a browser cookie" time="0.3430" classname="cy.setCookie() - set a browser cookie">
    </testcase>
    <testcase name="Cookies cy.clearCookie() - clear a browser cookie" time="0.2630" classname="cy.clearCookie() - clear a browser cookie">
    </testcase>
    <testcase name="Cookies cy.clearCookies() - clear browser cookies" time="0.2440" classname="cy.clearCookies() - clear browser cookies">
    </testcase>
  </testsuite>
</testsuites>