<?xml version="1.0" encoding="UTF-8"?>
<testsuites name="Mocha Tests" time="2.6730" tests="3" failures="0">
  <testsuite name="Root Suite" timestamp="2021-04-14T10:16:21" tests="0" file="cypress/integration/examples/navigation.spec.js" time="0.0000" failures="0">
  </testsuite>
  <testsuite name="Navigation" timestamp="2021-04-14T10:16:21" tests="3" time="2.6730" failures="0">
    <testcase name="Navigation cy.go() - go back or forward in the browser&apos;s history" time="1.5220" classname="cy.go() - go back or forward in the browser&apos;s history">
    </testcase>
    <testcase name="Navigation cy.reload() - reload the page" time="0.6710" classname="cy.reload() - reload the page">
    </testcase>
    <testcase name="Navigation cy.visit() - visit a remote url" time="0.4800" classname="cy.visit() - visit a remote url">
    </testcase>
  </testsuite>
</testsuites>