<?xml version="1.0" encoding="UTF-8"?>
<testsuites name="Mocha Tests" time="1.1560" tests="1" failures="0">
  <testsuite name="Root Suite" timestamp="2021-04-14T10:15:10" tests="0" file="cypress/integration/examples/local_storage.spec.js" time="0.0000" failures="0">
  </testsuite>
  <testsuite name="Local Storage" timestamp="2021-04-14T10:15:10" tests="1" time="1.1560" failures="0">
    <testcase name="Local Storage cy.clearLocalStorage() - clear all data in local storage" time="1.1560" classname="cy.clearLocalStorage() - clear all data in local storage">
    </testcase>
  </testsuite>
</testsuites>