<?xml version="1.0" encoding="UTF-8"?>
<testsuites name="Mocha Tests" time="3.3570" tests="7" failures="0">
  <testsuite name="Root Suite" timestamp="2021-04-14T07:54:42" tests="0" file="cypress/integration/examples/spies_stubs_clocks.spec.js" time="0.0000" failures="0">
  </testsuite>
  <testsuite name="Spies, Stubs, and Clock" timestamp="2021-04-14T07:54:42" tests="7" time="3.3570" failures="0">
    <testcase name="Spies, Stubs, and Clock cy.spy() - wrap a method in a spy" time="0.1560" classname="cy.spy() - wrap a method in a spy">
    </testcase>
    <testcase name="Spies, Stubs, and Clock cy.spy() retries until assertions pass" time="2.5400" classname="cy.spy() retries until assertions pass">
    </testcase>
    <testcase name="Spies, Stubs, and Clock cy.stub() - create a stub and/or replace a function with stub" time="0.1040" classname="cy.stub() - create a stub and/or replace a function with stub">
    </testcase>
    <testcase name="Spies, Stubs, and Clock cy.clock() - control time in the browser" time="0.2150" classname="cy.clock() - control time in the browser">
    </testcase>
    <testcase name="Spies, Stubs, and Clock cy.tick() - move time in the browser" time="0.3000" classname="cy.tick() - move time in the browser">
    </testcase>
    <testcase name="Spies, Stubs, and Clock cy.stub() matches depending on arguments" time="0.0220" classname="cy.stub() matches depending on arguments">
    </testcase>
    <testcase name="Spies, Stubs, and Clock matches call arguments using Sinon matchers" time="0.0200" classname="matches call arguments using Sinon matchers">
    </testcase>
  </testsuite>
</testsuites>