<?xml version="1.0" encoding="UTF-8"?>
<testsuites name="Mocha Tests" time="1.6440" tests="3" failures="0">
  <testsuite name="Root Suite" timestamp="2021-04-14T10:36:01" tests="0" file="cypress/integration/examples/location.spec.js" time="0.0000" failures="0">
  </testsuite>
  <testsuite name="Location" timestamp="2021-04-14T10:36:01" tests="3" time="1.6440" failures="0">
    <testcase name="Location cy.hash() - get the current URL hash" time="0.9330" classname="cy.hash() - get the current URL hash">
    </testcase>
    <testcase name="Location cy.location() - get window.location" time="0.4370" classname="cy.location() - get window.location">
    </testcase>
    <testcase name="Location cy.url() - get the current URL" time="0.2740" classname="cy.url() - get the current URL">
    </testcase>
  </testsuite>
</testsuites>