<?xml version="1.0" encoding="UTF-8"?>
<testsuites name="Mocha Tests" time="6.3650" tests="12" failures="0">
  <testsuite name="Root Suite" timestamp="2021-04-14T10:35:23" tests="0" file="cypress/integration/examples/cypress_api.spec.js" time="0.0000" failures="0">
  </testsuite>
  <testsuite name="Cypress.Commands" timestamp="2021-04-14T10:35:23" tests="1" time="1.1310" failures="0">
    <testcase name="Cypress.Commands .add() - create a custom command" time="1.1310" classname=".add() - create a custom command">
    </testcase>
  </testsuite>
  <testsuite name="Cypress.Cookies" timestamp="2021-04-14T10:35:25" tests="3" time="1.5060" failures="0">
    <testcase name="Cypress.Cookies .debug() - enable or disable debugging" time="0.6190" classname=".debug() - enable or disable debugging">
    </testcase>
    <testcase name="Cypress.Cookies .preserveOnce() - preserve cookies by key" time="0.4840" classname=".preserveOnce() - preserve cookies by key">
    </testcase>
    <testcase name="Cypress.Cookies .defaults() - set defaults for all cookies" time="0.4030" classname=".defaults() - set defaults for all cookies">
    </testcase>
  </testsuite>
  <testsuite name="Cypress.arch" timestamp="2021-04-14T10:35:27" tests="1" time="0.4710" failures="0">
    <testcase name="Cypress.arch Get CPU architecture name of underlying OS" time="0.4710" classname="Get CPU architecture name of underlying OS">
    </testcase>
  </testsuite>
  <testsuite name="Cypress.config()" timestamp="2021-04-14T10:35:27" tests="1" time="0.3670" failures="0">
    <testcase name="Cypress.config() Get and set configuration options" time="0.3670" classname="Get and set configuration options">
    </testcase>
  </testsuite>
  <testsuite name="Cypress.dom" timestamp="2021-04-14T10:35:28" tests="1" time="0.4870" failures="0">
    <testcase name="Cypress.dom .isHidden() - determine if a DOM element is hidden" time="0.4870" classname=".isHidden() - determine if a DOM element is hidden">
    </testcase>
  </testsuite>
  <testsuite name="Cypress.env()" timestamp="2021-04-14T10:35:28" tests="1" time="0.3750" failures="0">
    <testcase name="Cypress.env() Get environment variables" time="0.3750" classname="Get environment variables">
    </testcase>
  </testsuite>
  <testsuite name="Cypress.log" timestamp="2021-04-14T10:35:29" tests="1" time="0.4660" failures="0">
    <testcase name="Cypress.log Control what is printed to the Command Log" time="0.4660" classname="Control what is printed to the Command Log">
    </testcase>
  </testsuite>
  <testsuite name="Cypress.platform" timestamp="2021-04-14T10:35:29" tests="1" time="0.4640" failures="0">
    <testcase name="Cypress.platform Get underlying OS name" time="0.4640" classname="Get underlying OS name">
    </testcase>
  </testsuite>
  <testsuite name="Cypress.version" timestamp="2021-04-14T10:35:30" tests="1" time="0.5920" failures="0">
    <testcase name="Cypress.version Get current version of Cypress being run" time="0.5920" classname="Get current version of Cypress being run">
    </testcase>
  </testsuite>
  <testsuite name="Cypress.spec" timestamp="2021-04-14T10:35:30" tests="1" time="0.5060" failures="0">
    <testcase name="Cypress.spec Get current spec information" time="0.5060" classname="Get current spec information">
    </testcase>
  </testsuite>
</testsuites>