<?xml version="1.0" encoding="UTF-8"?>
<testsuites name="Mocha Tests" time="3.8010" tests="12" failures="0">
  <testsuite name="Root Suite" timestamp="2021-04-14T10:14:28" tests="0" file="cypress/integration/examples/cypress_api.spec.js" time="0.0000" failures="0">
  </testsuite>
  <testsuite name="Cypress.Commands" timestamp="2021-04-14T10:14:28" tests="1" time="0.6050" failures="0">
    <testcase name="Cypress.Commands .add() - create a custom command" time="0.6050" classname=".add() - create a custom command">
    </testcase>
  </testsuite>
  <testsuite name="Cypress.Cookies" timestamp="2021-04-14T10:14:31" tests="3" time="1.3670" failures="0">
    <testcase name="Cypress.Cookies .debug() - enable or disable debugging" time="0.9410" classname=".debug() - enable or disable debugging">
    </testcase>
    <testcase name="Cypress.Cookies .preserveOnce() - preserve cookies by key" time="0.2530" classname=".preserveOnce() - preserve cookies by key">
    </testcase>
    <testcase name="Cypress.Cookies .defaults() - set defaults for all cookies" time="0.1730" classname=".defaults() - set defaults for all cookies">
    </testcase>
  </testsuite>
  <testsuite name="Cypress.arch" timestamp="2021-04-14T10:14:32" tests="1" time="0.3170" failures="0">
    <testcase name="Cypress.arch Get CPU architecture name of underlying OS" time="0.3170" classname="Get CPU architecture name of underlying OS">
    </testcase>
  </testsuite>
  <testsuite name="Cypress.config()" timestamp="2021-04-14T10:14:32" tests="1" time="0.2470" failures="0">
    <testcase name="Cypress.config() Get and set configuration options" time="0.2470" classname="Get and set configuration options">
    </testcase>
  </testsuite>
  <testsuite name="Cypress.dom" timestamp="2021-04-14T10:14:33" tests="1" time="0.2530" failures="0">
    <testcase name="Cypress.dom .isHidden() - determine if a DOM element is hidden" time="0.2530" classname=".isHidden() - determine if a DOM element is hidden">
    </testcase>
  </testsuite>
  <testsuite name="Cypress.env()" timestamp="2021-04-14T10:14:33" tests="1" time="0.1820" failures="0">
    <testcase name="Cypress.env() Get environment variables" time="0.1820" classname="Get environment variables">
    </testcase>
  </testsuite>
  <testsuite name="Cypress.log" timestamp="2021-04-14T10:14:33" tests="1" time="0.3240" failures="0">
    <testcase name="Cypress.log Control what is printed to the Command Log" time="0.3240" classname="Control what is printed to the Command Log">
    </testcase>
  </testsuite>
  <testsuite name="Cypress.platform" timestamp="2021-04-14T10:14:33" tests="1" time="0.1740" failures="0">
    <testcase name="Cypress.platform Get underlying OS name" time="0.1740" classname="Get underlying OS name">
    </testcase>
  </testsuite>
  <testsuite name="Cypress.version" timestamp="2021-04-14T10:14:34" tests="1" time="0.1340" failures="0">
    <testcase name="Cypress.version Get current version of Cypress being run" time="0.1340" classname="Get current version of Cypress being run">
    </testcase>
  </testsuite>
  <testsuite name="Cypress.spec" timestamp="2021-04-14T10:14:34" tests="1" time="0.1980" failures="0">
    <testcase name="Cypress.spec Get current spec information" time="0.1980" classname="Get current spec information">
    </testcase>
  </testsuite>
</testsuites>