<?xml version="1.0" encoding="UTF-8"?>
<testsuites name="Mocha Tests" time="2.0020" tests="1" failures="0">
  <testsuite name="Root Suite" timestamp="2021-04-14T10:41:05" tests="0" file="cypress/integration/examples/baidu.spec.js" time="0.0000" failures="0">
  </testsuite>
  <testsuite name="My First Test" timestamp="2021-04-14T10:41:05" tests="1" time="2.0020" failures="0">
    <testcase name="My First Test Does not do much!" time="2.0020" classname="Does not do much!">
    </testcase>
  </testsuite>
</testsuites>