<?xml version="1.0" encoding="UTF-8"?>
<testsuites name="Mocha Tests" time="2.8500" tests="4" failures="1">
  <testsuite name="Root Suite" timestamp="2021-04-14T10:35:35" tests="0" file="cypress/integration/examples/files.spec.js" time="0.0000" failures="0">
  </testsuite>
  <testsuite name="Files" timestamp="2021-04-14T10:35:35" tests="4" time="2.8500" failures="1">
    <testcase name="Files cy.fixture() - load a fixture" time="0.0000" classname="cy.fixture() - load a fixture">
      <failure message="Timed out retrying after 5000ms: `cy.wait()` timed out waiting `5000ms` for the 1st request to the route: `getComment`. No request ever occurred.

https://on.cypress.io/wait" type="CypressError"><![CDATA[CypressError: Timed out retrying after 5000ms: `cy.wait()` timed out waiting `5000ms` for the 1st request to the route: `getComment`. No request ever occurred.

https://on.cypress.io/wait
    at cypressErr (https://example.cypress.io/__cypress/runner/cypress_runner.js:153363:18)
    at Object.errByPath (https://example.cypress.io/__cypress/runner/cypress_runner.js:153432:10)
    at checkForXhr (https://example.cypress.io/__cypress/runner/cypress_runner.js:140376:33)
    at https://example.cypress.io/__cypress/runner/cypress_runner.js:140399:28
    at tryCatcher (https://example.cypress.io/__cypress/runner/cypress_runner.js:10747:23)
    at Function.Promise.attempt.Promise.try (https://example.cypress.io/__cypress/runner/cypress_runner.js:8021:29)
    at tryFn (https://example.cypress.io/__cypress/runner/cypress_runner.js:146270:21)
    at whenStable (https://example.cypress.io/__cypress/runner/cypress_runner.js:146308:12)
    at https://example.cypress.io/__cypress/runner/cypress_runner.js:145803:16
    at tryCatcher (https://example.cypress.io/__cypress/runner/cypress_runner.js:10747:23)
    at Promise._settlePromiseFromHandler (https://example.cypress.io/__cypress/runner/cypress_runner.js:8682:31)
    at Promise._settlePromise (https://example.cypress.io/__cypress/runner/cypress_runner.js:8739:18)
    at Promise._settlePromise0 (https://example.cypress.io/__cypress/runner/cypress_runner.js:8784:10)
    at Promise._settlePromises (https://example.cypress.io/__cypress/runner/cypress_runner.js:8864:18)
    at Promise._fulfill (https://example.cypress.io/__cypress/runner/cypress_runner.js:8808:18)
    at https://example.cypress.io/__cypress/runner/cypress_runner.js:10422:46
From Your Spec Code:
    at Context.eval (https://example.cypress.io/__cypress/tests?p=cypress/integration/examples/files.spec.js:137:8)]]></failure>
    </testcase>
    <testcase name="Files cy.fixture() or require - load a fixture" time="0.7420" classname="cy.fixture() or require - load a fixture">
    </testcase>
    <testcase name="Files cy.readFile() - read file contents" time="0.5550" classname="cy.readFile() - read file contents">
    </testcase>
    <testcase name="Files cy.writeFile() - write to a file" time="1.5530" classname="cy.writeFile() - write to a file">
    </testcase>
  </testsuite>
</testsuites>